<?xml version="1.0" encoding="UTF-8"?>
<testsuite name="TestTaylorSeries" tests="1" skipped="0" failures="0" errors="0" timestamp="2020-09-24T20:45:20" hostname="LAPTOP-LCB5KPGF" time="0.012">
  <properties/>
  <testcase name="testExp()" classname="TestTaylorSeries" time="0.012"/>
  <system-out><![CDATA[]]></system-out>
  <system-err><![CDATA[]]></system-err>
</testsuite>
